# JRE version: OpenJDK Runtime Environment (17.0.6) (build 17.0.6+0-b2043.56-10027231)
# Java VM: OpenJDK 64-Bit Server VM (17.0.6+0-b2043.56-10027231, mixed mode, tiered, compressed oops, compressed class ptrs, g1 gc, windows-amd64)
GC Precious Log:
 CPUs: 8 total, 8 available
 Memory: 6081M
 Large Page Support: Disabled
 NUMA Support: Disabled
 Compressed Oops: Enabled (32-bit)
 Heap Region Size: 1M
 Heap Min Capacity: 8M
 Heap Initial Capacity: 96M
 Heap Max Capacity: 2G
 Pre-touch: Disabled
 Parallel Workers: 8
 Concurrent Workers: 2
 Concurrent Refinement Workers: 8
 Periodic GC: Disabled
Heap:
 garbage-first heap   total 121856K, used 59887K [0x0000000080000000, 0x0000000100000000)
  region size 1024K, 1 young (1024K), 1 survivors (1024K)
 Metaspace       used 66317K, committed 66880K, reserved 1114112K
  class space    used 8759K, committed 9024K, reserved 1048576K
GC Heap History (20 events):
Event: 14.924 GC heap after
{Heap after GC invocations=12 (full 0):
 garbage-first heap   total 86016K, used 34140K [0x0000000080000000, 0x0000000100000000)
  region size 1024K, 4 young (4096K), 4 survivors (4096K)
 Metaspace       used 50045K, committed 50496K, reserved 1097728K
  class space    used 6687K, committed 6912K, reserved 1048576K
}
Event: 17.194 GC heap before
{Heap before GC invocations=12 (full 0):
 garbage-first heap   total 86016K, used 65884K [0x0000000080000000, 0x0000000100000000)
  region size 1024K, 35 young (35840K), 4 survivors (4096K)
 Metaspace       used 52971K, committed 53504K, reserved 1097728K
  class space    used 7087K, committed 7296K, reserved 1048576K
}
Event: 17.205 GC heap after
{Heap after GC invocations=13 (full 0):
 garbage-first heap   total 86016K, used 36751K [0x0000000080000000, 0x0000000100000000)
  region size 1024K, 5 young (5120K), 5 survivors (5120K)
 Metaspace       used 52971K, committed 53504K, reserved 1097728K
  class space    used 7087K, committed 7296K, reserved 1048576K
}
Event: 18.792 GC heap before
{Heap before GC invocations=13 (full 0):
 garbage-first heap   total 86016K, used 67471K [0x0000000080000000, 0x0000000100000000)
  region size 1024K, 31 young (31744K), 5 survivors (5120K)
 Metaspace       used 53609K, committed 54080K, reserved 1097728K
  class space    used 7144K, committed 7360K, reserved 1048576K
}
Event: 18.803 GC heap after
{Heap after GC invocations=14 (full 0):
 garbage-first heap   total 86016K, used 46719K [0x0000000080000000, 0x0000000100000000)
  region size 1024K, 5 young (5120K), 5 survivors (5120K)
 Metaspace       used 53609K, committed 54080K, reserved 1097728K
  class space    used 7144K, committed 7360K, reserved 1048576K
}
Event: 19.678 GC heap before
{Heap before GC invocations=15 (full 0):
 garbage-first heap   total 91136K, used 70271K [0x0000000080000000, 0x0000000100000000)
  region size 1024K, 24 young (24576K), 5 survivors (5120K)
 Metaspace       used 55642K, committed 56064K, reserved 1097728K
  class space    used 7425K, committed 7616K, reserved 1048576K
}
Event: 19.687 GC heap after
{Heap after GC invocations=16 (full 0):
 garbage-first heap   total 91136K, used 54470K [0x0000000080000000, 0x0000000100000000)
  region size 1024K, 3 young (3072K), 3 survivors (3072K)
 Metaspace       used 55642K, committed 56064K, reserved 1097728K
  class space    used 7425K, committed 7616K, reserved 1048576K
}
Event: 19.736 GC heap before
{Heap before GC invocations=16 (full 0):
 garbage-first heap   total 91136K, used 55494K [0x0000000080000000, 0x0000000100000000)
  region size 1024K, 4 young (4096K), 3 survivors (3072K)
 Metaspace       used 55765K, committed 56256K, reserved 1097728K
  class space    used 7450K, committed 7680K, reserved 1048576K
}
Event: 19.739 GC heap after
{Heap after GC invocations=17 (full 0):
 garbage-first heap   total 91136K, used 55027K [0x0000000080000000, 0x0000000100000000)
  region size 1024K, 1 young (1024K), 1 survivors (1024K)
 Metaspace       used 55765K, committed 56256K, reserved 1097728K
  class space    used 7450K, committed 7680K, reserved 1048576K
}
Event: 20.553 GC heap before
{Heap before GC invocations=17 (full 0):
 garbage-first heap   total 91136K, used 71411K [0x0000000080000000, 0x0000000100000000)
  region size 1024K, 18 young (18432K), 1 survivors (1024K)
 Metaspace       used 58847K, committed 59392K, reserved 1105920K
  class space    used 7809K, committed 8064K, reserved 1048576K
}
Event: 20.557 GC heap after
{Heap after GC invocations=18 (full 0):
 garbage-first heap   total 91136K, used 55441K [0x0000000080000000, 0x0000000100000000)
  region size 1024K, 1 young (1024K), 1 survivors (1024K)
 Metaspace       used 58847K, committed 59392K, reserved 1105920K
  class space    used 7809K, committed 8064K, reserved 1048576K
}
Event: 21.342 GC heap before
{Heap before GC invocations=19 (full 0):
 garbage-first heap   total 97280K, used 71825K [0x0000000080000000, 0x0000000100000000)
  region size 1024K, 18 young (18432K), 1 survivors (1024K)
 Metaspace       used 61299K, committed 61824K, reserved 1105920K
  class space    used 8103K, committed 8384K, reserved 1048576K
}
Event: 21.346 GC heap after
{Heap after GC invocations=20 (full 0):
 garbage-first heap   total 97280K, used 56309K [0x0000000080000000, 0x0000000100000000)
  region size 1024K, 2 young (2048K), 2 survivors (2048K)
 Metaspace       used 61299K, committed 61824K, reserved 1105920K
  class space    used 8103K, committed 8384K, reserved 1048576K
}
Event: 21.440 GC heap before
{Heap before GC invocations=20 (full 0):
 garbage-first heap   total 97280K, used 58357K [0x0000000080000000, 0x0000000100000000)
  region size 1024K, 4 young (4096K), 2 survivors (2048K)
 Metaspace       used 61529K, committed 62016K, reserved 1105920K
  class space    used 8137K, committed 8384K, reserved 1048576K
}
Event: 21.445 GC heap after
{Heap after GC invocations=21 (full 0):
 garbage-first heap   total 97280K, used 55920K [0x0000000080000000, 0x0000000100000000)
  region size 1024K, 1 young (1024K), 1 survivors (1024K)
 Metaspace       used 61529K, committed 62016K, reserved 1105920K
  class space    used 8137K, committed 8384K, reserved 1048576K
}
Event: 22.387 GC heap before
{Heap before GC invocations=21 (full 0):
 garbage-first heap   total 97280K, used 71280K [0x0000000080000000, 0x0000000100000000)
  region size 1024K, 18 young (18432K), 1 survivors (1024K)
 Metaspace       used 65259K, committed 65792K, reserved 1105920K
  class space    used 8618K, committed 8896K, reserved 1048576K
}
Event: 22.394 GC heap after
{Heap after GC invocations=22 (full 0):
 garbage-first heap   total 97280K, used 57775K [0x0000000080000000, 0x0000000100000000)
  region size 1024K, 3 young (3072K), 3 survivors (3072K)
 Metaspace       used 65259K, committed 65792K, reserved 1105920K
  class space    used 8618K, committed 8896K, reserved 1048576K
}
Event: 22.836 GC heap before
{Heap before GC invocations=23 (full 0):
 garbage-first heap   total 121856K, used 82351K [0x0000000080000000, 0x0000000100000000)
  region size 1024K, 21 young (21504K), 3 survivors (3072K)
 Metaspace       used 66150K, committed 66752K, reserved 1114112K
  class space    used 8739K, committed 9024K, reserved 1048576K
}
Event: 22.844 GC heap after
{Heap after GC invocations=24 (full 0):
 garbage-first heap   total 121856K, used 59916K [0x0000000080000000, 0x0000000100000000)
  region size 1024K, 3 young (3072K), 3 survivors (3072K)
 Metaspace       used 66150K, committed 66752K, reserved 1114112K
  class space    used 8739K, committed 9024K, reserved 1048576K
}
Event: 22.896 GC heap before
{Heap before GC invocations=24 (full 0):
 garbage-first heap   total 121856K, used 61964K [0x0000000080000000, 0x0000000100000000)
  region size 1024K, 5 young (5120K), 3 survivors (3072K)
 Metaspace       used 66317K, committed 66880K, reserved 1114112K
  class space    used 8759K, committed 9024K, reserved 1048576K
}

