# JRE version: OpenJDK Runtime Environment (17.0.6) (build 17.0.6+0-b2043.56-10027231)
# Java VM: OpenJDK 64-Bit Server VM (17.0.6+0-b2043.56-10027231, mixed mode, tiered, compressed oops, compressed class ptrs, g1 gc, windows-amd64)
GC Precious Log:
 CPUs: 8 total, 8 available
 Memory: 6081M
 Large Page Support: Disabled
 NUMA Support: Disabled
 Compressed Oops: Enabled (32-bit)
 Heap Region Size: 1M
 Heap Min Capacity: 8M
 Heap Initial Capacity: 96M
 Heap Max Capacity: 2G
 Pre-touch: Disabled
 Parallel Workers: 8
 Concurrent Workers: 2
 Concurrent Refinement Workers: 8
 Periodic GC: Disabled
Heap:
 garbage-first heap   total 218112K, used 135028K [0x0000000080000000, 0x0000000100000000)
  region size 1024K, 4 young (4096K), 4 survivors (4096K)
 Metaspace       used 126515K, committed 127360K, reserved 1163264K
  class space    used 17242K, committed 17664K, reserved 1048576K
GC Heap History (20 events):
Event: 46.340 GC heap after
{Heap after GC invocations=51 (full 0):
 garbage-first heap   total 173056K, used 102839K [0x0000000080000000, 0x0000000100000000)
  region size 1024K, 5 young (5120K), 5 survivors (5120K)
 Metaspace       used 100695K, committed 101376K, reserved 1138688K
  class space    used 13569K, committed 13888K, reserved 1048576K
}
Event: 48.198 GC heap before
{Heap before GC invocations=52 (full 0):
 garbage-first heap   total 181248K, used 139703K [0x0000000080000000, 0x0000000100000000)
  region size 1024K, 42 young (43008K), 5 survivors (5120K)
 Metaspace       used 101583K, committed 102272K, reserved 1138688K
  class space    used 13667K, committed 14016K, reserved 1048576K
}
Event: 48.211 GC heap after
{Heap after GC invocations=53 (full 0):
 garbage-first heap   total 218112K, used 104790K [0x0000000080000000, 0x0000000100000000)
  region size 1024K, 2 young (2048K), 2 survivors (2048K)
 Metaspace       used 101583K, committed 102272K, reserved 1138688K
  class space    used 13667K, committed 14016K, reserved 1048576K
}
Event: 48.717 GC heap before
{Heap before GC invocations=53 (full 0):
 garbage-first heap   total 218112K, used 111958K [0x0000000080000000, 0x0000000100000000)
  region size 1024K, 10 young (10240K), 2 survivors (2048K)
 Metaspace       used 101602K, committed 102272K, reserved 1138688K
  class space    used 13669K, committed 14016K, reserved 1048576K
}
Event: 48.732 GC heap after
{Heap after GC invocations=54 (full 0):
 garbage-first heap   total 218112K, used 105151K [0x0000000080000000, 0x0000000100000000)
  region size 1024K, 1 young (1024K), 1 survivors (1024K)
 Metaspace       used 101602K, committed 102272K, reserved 1138688K
  class space    used 13669K, committed 14016K, reserved 1048576K
}
Event: 55.279 GC heap before
{Heap before GC invocations=54 (full 0):
 garbage-first heap   total 218112K, used 177855K [0x0000000080000000, 0x0000000100000000)
  region size 1024K, 70 young (71680K), 1 survivors (1024K)
 Metaspace       used 104406K, committed 105280K, reserved 1146880K
  class space    used 13966K, committed 14400K, reserved 1048576K
}
Event: 55.295 GC heap after
{Heap after GC invocations=55 (full 0):
 garbage-first heap   total 218112K, used 112562K [0x0000000080000000, 0x0000000100000000)
  region size 1024K, 8 young (8192K), 8 survivors (8192K)
 Metaspace       used 104406K, committed 105280K, reserved 1146880K
  class space    used 13966K, committed 14400K, reserved 1048576K
}
Event: 59.808 GC heap before
{Heap before GC invocations=55 (full 0):
 garbage-first heap   total 218112K, used 174002K [0x0000000080000000, 0x0000000100000000)
  region size 1024K, 69 young (70656K), 8 survivors (8192K)
 Metaspace       used 109057K, committed 109824K, reserved 1146880K
  class space    used 14412K, committed 14784K, reserved 1048576K
}
Event: 59.827 GC heap after
{Heap after GC invocations=56 (full 0):
 garbage-first heap   total 218112K, used 109784K [0x0000000080000000, 0x0000000100000000)
  region size 1024K, 3 young (3072K), 3 survivors (3072K)
 Metaspace       used 109057K, committed 109824K, reserved 1146880K
  class space    used 14412K, committed 14784K, reserved 1048576K
}
Event: 61.516 GC heap before
{Heap before GC invocations=56 (full 0):
 garbage-first heap   total 218112K, used 176344K [0x0000000080000000, 0x0000000100000000)
  region size 1024K, 69 young (70656K), 3 survivors (3072K)
 Metaspace       used 110044K, committed 110848K, reserved 1146880K
  class space    used 14526K, committed 14976K, reserved 1048576K
}
Event: 61.525 GC heap after
{Heap after GC invocations=57 (full 0):
 garbage-first heap   total 218112K, used 111216K [0x0000000080000000, 0x0000000100000000)
  region size 1024K, 4 young (4096K), 4 survivors (4096K)
 Metaspace       used 110044K, committed 110848K, reserved 1146880K
  class space    used 14526K, committed 14976K, reserved 1048576K
}
Event: 63.188 GC heap before
{Heap before GC invocations=57 (full 0):
 garbage-first heap   total 218112K, used 179824K [0x0000000080000000, 0x0000000100000000)
  region size 1024K, 72 young (73728K), 4 survivors (4096K)
 Metaspace       used 112660K, committed 113472K, reserved 1155072K
  class space    used 14912K, committed 15360K, reserved 1048576K
}
Event: 63.204 GC heap after
{Heap after GC invocations=58 (full 0):
 garbage-first heap   total 218112K, used 116361K [0x0000000080000000, 0x0000000100000000)
  region size 1024K, 9 young (9216K), 9 survivors (9216K)
 Metaspace       used 112660K, committed 113472K, reserved 1155072K
  class space    used 14912K, committed 15360K, reserved 1048576K
}
Event: 64.835 GC heap before
{Heap before GC invocations=58 (full 0):
 garbage-first heap   total 218112K, used 179849K [0x0000000080000000, 0x0000000100000000)
  region size 1024K, 72 young (73728K), 9 survivors (9216K)
 Metaspace       used 118605K, committed 119424K, reserved 1155072K
  class space    used 15824K, committed 16256K, reserved 1048576K
}
Event: 65.061 GC heap after
{Heap after GC invocations=59 (full 0):
 garbage-first heap   total 218112K, used 124726K [0x0000000080000000, 0x0000000100000000)
  region size 1024K, 9 young (9216K), 9 survivors (9216K)
 Metaspace       used 118605K, committed 119424K, reserved 1155072K
  class space    used 15824K, committed 16256K, reserved 1048576K
}
Event: 65.755 GC heap before
{Heap before GC invocations=59 (full 0):
 garbage-first heap   total 218112K, used 177974K [0x0000000080000000, 0x0000000100000000)
  region size 1024K, 62 young (63488K), 9 survivors (9216K)
 Metaspace       used 121198K, committed 122048K, reserved 1155072K
  class space    used 16279K, committed 16704K, reserved 1048576K
}
Event: 65.788 GC heap after
{Heap after GC invocations=60 (full 0):
 garbage-first heap   total 218112K, used 131564K [0x0000000080000000, 0x0000000100000000)
  region size 1024K, 8 young (8192K), 8 survivors (8192K)
 Metaspace       used 121198K, committed 122048K, reserved 1155072K
  class space    used 16279K, committed 16704K, reserved 1048576K
}
Event: 66.796 GC heap before
{Heap before GC invocations=60 (full 0):
 garbage-first heap   total 218112K, used 177644K [0x0000000080000000, 0x0000000100000000)
  region size 1024K, 54 young (55296K), 8 survivors (8192K)
 Metaspace       used 125151K, committed 126016K, reserved 1163264K
  class space    used 17054K, committed 17472K, reserved 1048576K
}
Event: 66.814 GC heap after
{Heap after GC invocations=61 (full 0):
 garbage-first heap   total 218112K, used 135002K [0x0000000080000000, 0x0000000100000000)
  region size 1024K, 4 young (4096K), 4 survivors (4096K)
 Metaspace       used 125151K, committed 126016K, reserved 1163264K
  class space    used 17054K, committed 17472K, reserved 1048576K
}
Event: 67.508 GC heap before
{Heap before GC invocations=61 (full 0):
 garbage-first heap   total 218112K, used 181082K [0x0000000080000000, 0x0000000100000000)
  region size 1024K, 49 young (50176K), 4 survivors (4096K)
 Metaspace       used 126515K, committed 127360K, reserved 1163264K
  class space    used 17242K, committed 17664K, reserved 1048576K
}

