# JRE version: OpenJDK Runtime Environment (17.0.6) (build 17.0.6+0-b2043.56-10027231)
# Java VM: OpenJDK 64-Bit Server VM (17.0.6+0-b2043.56-10027231, mixed mode, tiered, compressed oops, compressed class ptrs, g1 gc, windows-amd64)
GC Precious Log:
 CPUs: 8 total, 8 available
 Memory: 6081M
 Large Page Support: Disabled
 NUMA Support: Disabled
 Compressed Oops: Enabled (32-bit)
 Heap Region Size: 1M
 Heap Min Capacity: 8M
 Heap Initial Capacity: 96M
 Heap Max Capacity: 2G
 Pre-touch: Disabled
 Parallel Workers: 8
 Concurrent Workers: 2
 Concurrent Refinement Workers: 8
 Periodic GC: Disabled
Heap:
 garbage-first heap   total 167936K, used 102637K [0x0000000080000000, 0x0000000100000000)
  region size 1024K, 4 young (4096K), 4 survivors (4096K)
 Metaspace       used 102784K, committed 103424K, reserved 1138688K
  class space    used 13831K, committed 14144K, reserved 1048576K
GC Heap History (20 events):
Event: 74.332 GC heap after
{Heap after GC invocations=54 (full 0):
 garbage-first heap   total 126976K, used 74485K [0x0000000080000000, 0x0000000100000000)
  region size 1024K, 4 young (4096K), 4 survivors (4096K)
 Metaspace       used 87645K, committed 88256K, reserved 1130496K
  class space    used 11839K, committed 12160K, reserved 1048576K
}
Event: 74.402 GC heap before
{Heap before GC invocations=54 (full 0):
 garbage-first heap   total 126976K, used 76533K [0x0000000080000000, 0x0000000100000000)
  region size 1024K, 6 young (6144K), 4 survivors (4096K)
 Metaspace       used 87788K, committed 88384K, reserved 1130496K
  class space    used 11862K, committed 12160K, reserved 1048576K
}
Event: 74.410 GC heap after
{Heap after GC invocations=55 (full 0):
 garbage-first heap   total 152576K, used 74655K [0x0000000080000000, 0x0000000100000000)
  region size 1024K, 1 young (1024K), 1 survivors (1024K)
 Metaspace       used 87788K, committed 88384K, reserved 1130496K
  class space    used 11862K, committed 12160K, reserved 1048576K
}
Event: 76.376 GC heap before
{Heap before GC invocations=55 (full 0):
 garbage-first heap   total 152576K, used 123807K [0x0000000080000000, 0x0000000100000000)
  region size 1024K, 49 young (50176K), 1 survivors (1024K)
 Metaspace       used 93608K, committed 94272K, reserved 1130496K
  class space    used 12702K, committed 12992K, reserved 1048576K
}
Event: 76.384 GC heap after
{Heap after GC invocations=56 (full 0):
 garbage-first heap   total 152576K, used 78210K [0x0000000080000000, 0x0000000100000000)
  region size 1024K, 5 young (5120K), 5 survivors (5120K)
 Metaspace       used 93608K, committed 94272K, reserved 1130496K
  class space    used 12702K, committed 12992K, reserved 1048576K
}
Event: 77.870 GC heap before
{Heap before GC invocations=57 (full 0):
 garbage-first heap   total 152576K, used 124290K [0x0000000080000000, 0x0000000100000000)
  region size 1024K, 50 young (51200K), 5 survivors (5120K)
 Metaspace       used 94717K, committed 95360K, reserved 1138688K
  class space    used 12839K, committed 13120K, reserved 1048576K
}
Event: 77.894 GC heap after
{Heap after GC invocations=58 (full 0):
 garbage-first heap   total 152576K, used 84947K [0x0000000080000000, 0x0000000100000000)
  region size 1024K, 7 young (7168K), 7 survivors (7168K)
 Metaspace       used 94717K, committed 95360K, reserved 1138688K
  class space    used 12839K, committed 13120K, reserved 1048576K
}
Event: 77.918 GC heap before
{Heap before GC invocations=58 (full 0):
 garbage-first heap   total 152576K, used 85971K [0x0000000080000000, 0x0000000100000000)
  region size 1024K, 8 young (8192K), 7 survivors (7168K)
 Metaspace       used 94723K, committed 95360K, reserved 1138688K
  class space    used 12839K, committed 13120K, reserved 1048576K
}
Event: 77.931 GC heap after
{Heap after GC invocations=59 (full 0):
 garbage-first heap   total 152576K, used 85551K [0x0000000080000000, 0x0000000100000000)
  region size 1024K, 1 young (1024K), 1 survivors (1024K)
 Metaspace       used 94723K, committed 95360K, reserved 1138688K
  class space    used 12839K, committed 13120K, reserved 1048576K
}
Event: 80.254 GC heap before
{Heap before GC invocations=59 (full 0):
 garbage-first heap   total 152576K, used 124463K [0x0000000080000000, 0x0000000100000000)
  region size 1024K, 39 young (39936K), 1 survivors (1024K)
 Metaspace       used 97404K, committed 98048K, reserved 1138688K
  class space    used 13151K, committed 13440K, reserved 1048576K
}
Event: 80.267 GC heap after
{Heap after GC invocations=60 (full 0):
 garbage-first heap   total 152576K, used 92072K [0x0000000080000000, 0x0000000100000000)
  region size 1024K, 5 young (5120K), 5 survivors (5120K)
 Metaspace       used 97404K, committed 98048K, reserved 1138688K
  class space    used 13151K, committed 13440K, reserved 1048576K
}
Event: 82.086 GC heap before
{Heap before GC invocations=60 (full 0):
 garbage-first heap   total 152576K, used 124840K [0x0000000080000000, 0x0000000100000000)
  region size 1024K, 37 young (37888K), 5 survivors (5120K)
 Metaspace       used 98526K, committed 99200K, reserved 1138688K
  class space    used 13324K, committed 13632K, reserved 1048576K
}
Event: 82.101 GC heap after
{Heap after GC invocations=61 (full 0):
 garbage-first heap   total 152576K, used 96030K [0x0000000080000000, 0x0000000100000000)
  region size 1024K, 4 young (4096K), 4 survivors (4096K)
 Metaspace       used 98526K, committed 99200K, reserved 1138688K
  class space    used 13324K, committed 13632K, reserved 1048576K
}
Event: 83.631 GC heap before
{Heap before GC invocations=61 (full 0):
 garbage-first heap   total 152576K, used 123678K [0x0000000080000000, 0x0000000100000000)
  region size 1024K, 32 young (32768K), 4 survivors (4096K)
 Metaspace       used 98725K, committed 99392K, reserved 1138688K
  class space    used 13329K, committed 13632K, reserved 1048576K
}
Event: 83.641 GC heap after
{Heap after GC invocations=62 (full 0):
 garbage-first heap   total 152576K, used 97780K [0x0000000080000000, 0x0000000100000000)
  region size 1024K, 2 young (2048K), 2 survivors (2048K)
 Metaspace       used 98725K, committed 99392K, reserved 1138688K
  class space    used 13329K, committed 13632K, reserved 1048576K
}
Event: 85.857 GC heap before
{Heap before GC invocations=63 (full 0):
 garbage-first heap   total 167936K, used 126452K [0x0000000080000000, 0x0000000100000000)
  region size 1024K, 31 young (31744K), 2 survivors (2048K)
 Metaspace       used 99142K, committed 99776K, reserved 1138688K
  class space    used 13362K, committed 13632K, reserved 1048576K
}
Event: 85.865 GC heap after
{Heap after GC invocations=64 (full 0):
 garbage-first heap   total 167936K, used 100164K [0x0000000080000000, 0x0000000100000000)
  region size 1024K, 4 young (4096K), 4 survivors (4096K)
 Metaspace       used 99142K, committed 99776K, reserved 1138688K
  class space    used 13362K, committed 13632K, reserved 1048576K
}
Event: 86.087 GC heap before
{Heap before GC invocations=64 (full 0):
 garbage-first heap   total 167936K, used 103236K [0x0000000080000000, 0x0000000100000000)
  region size 1024K, 8 young (8192K), 4 survivors (4096K)
 Metaspace       used 99199K, committed 99904K, reserved 1138688K
  class space    used 13374K, committed 13696K, reserved 1048576K
}
Event: 86.094 GC heap after
{Heap after GC invocations=65 (full 0):
 garbage-first heap   total 167936K, used 99971K [0x0000000080000000, 0x0000000100000000)
  region size 1024K, 1 young (1024K), 1 survivors (1024K)
 Metaspace       used 99199K, committed 99904K, reserved 1138688K
  class space    used 13374K, committed 13696K, reserved 1048576K
}
Event: 87.995 GC heap before
{Heap before GC invocations=65 (full 0):
 garbage-first heap   total 167936K, used 136835K [0x0000000080000000, 0x0000000100000000)
  region size 1024K, 38 young (38912K), 1 survivors (1024K)
 Metaspace       used 102784K, committed 103424K, reserved 1138688K
  class space    used 13831K, committed 14144K, reserved 1048576K
}

