# JRE version: OpenJDK Runtime Environment (17.0.6) (build 17.0.6+0-b2043.56-10027231)
# Java VM: OpenJDK 64-Bit Server VM (17.0.6+0-b2043.56-10027231, mixed mode, tiered, compressed oops, compressed class ptrs, g1 gc, windows-amd64)
GC Precious Log:
 CPUs: 8 total, 8 available
 Memory: 6081M
 Large Page Support: Disabled
 NUMA Support: Disabled
 Compressed Oops: Enabled (32-bit)
 Heap Region Size: 1M
 Heap Min Capacity: 8M
 Heap Initial Capacity: 96M
 Heap Max Capacity: 2G
 Pre-touch: Disabled
 Parallel Workers: 8
 Concurrent Workers: 2
 Concurrent Refinement Workers: 8
 Periodic GC: Disabled
Heap:
 garbage-first heap   total 76800K, used 49811K [0x0000000080000000, 0x0000000100000000)
  region size 1024K, 3 young (3072K), 2 survivors (2048K)
 Metaspace       used 53526K, committed 54016K, reserved 1097728K
  class space    used 7142K, committed 7360K, reserved 1048576K
GC Heap History (20 events):
Event: 14.245 GC heap before
{Heap before GC invocations=11 (full 0):
 garbage-first heap   total 68608K, used 51562K [0x0000000080000000, 0x0000000100000000)
  region size 1024K, 24 young (24576K), 3 survivors (3072K)
 Metaspace       used 45267K, committed 45632K, reserved 1089536K
  class space    used 5899K, committed 6080K, reserved 1048576K
}
Event: 14.250 GC heap after
{Heap after GC invocations=12 (full 0):
 garbage-first heap   total 68608K, used 31638K [0x0000000080000000, 0x0000000100000000)
  region size 1024K, 2 young (2048K), 2 survivors (2048K)
 Metaspace       used 45267K, committed 45632K, reserved 1089536K
  class space    used 5899K, committed 6080K, reserved 1048576K
}
Event: 15.022 GC heap before
{Heap before GC invocations=12 (full 0):
 garbage-first heap   total 68608K, used 53142K [0x0000000080000000, 0x0000000100000000)
  region size 1024K, 23 young (23552K), 2 survivors (2048K)
 Metaspace       used 48087K, committed 48512K, reserved 1097728K
  class space    used 6377K, committed 6592K, reserved 1048576K
}
Event: 15.025 GC heap after
{Heap after GC invocations=13 (full 0):
 garbage-first heap   total 68608K, used 32881K [0x0000000080000000, 0x0000000100000000)
  region size 1024K, 3 young (3072K), 3 survivors (3072K)
 Metaspace       used 48087K, committed 48512K, reserved 1097728K
  class space    used 6377K, committed 6592K, reserved 1048576K
}
Event: 15.740 GC heap before
{Heap before GC invocations=13 (full 0):
 garbage-first heap   total 68608K, used 53361K [0x0000000080000000, 0x0000000100000000)
  region size 1024K, 23 young (23552K), 3 survivors (3072K)
 Metaspace       used 50939K, committed 51392K, reserved 1097728K
  class space    used 6823K, committed 7040K, reserved 1048576K
}
Event: 15.744 GC heap after
{Heap after GC invocations=14 (full 0):
 garbage-first heap   total 68608K, used 33837K [0x0000000080000000, 0x0000000100000000)
  region size 1024K, 3 young (3072K), 3 survivors (3072K)
 Metaspace       used 50939K, committed 51392K, reserved 1097728K
  class space    used 6823K, committed 7040K, reserved 1048576K
}
Event: 16.950 GC heap before
{Heap before GC invocations=14 (full 0):
 garbage-first heap   total 68608K, used 54317K [0x0000000080000000, 0x0000000100000000)
  region size 1024K, 23 young (23552K), 3 survivors (3072K)
 Metaspace       used 52842K, committed 53248K, reserved 1097728K
  class space    used 7060K, committed 7232K, reserved 1048576K
}
Event: 16.956 GC heap after
{Heap after GC invocations=15 (full 0):
 garbage-first heap   total 68608K, used 35728K [0x0000000080000000, 0x0000000100000000)
  region size 1024K, 3 young (3072K), 3 survivors (3072K)
 Metaspace       used 52842K, committed 53248K, reserved 1097728K
  class space    used 7060K, committed 7232K, reserved 1048576K
}
Event: 17.880 GC heap before
{Heap before GC invocations=16 (full 0):
 garbage-first heap   total 68608K, used 54160K [0x0000000080000000, 0x0000000100000000)
  region size 1024K, 22 young (22528K), 3 survivors (3072K)
 Metaspace       used 53359K, committed 53824K, reserved 1097728K
  class space    used 7130K, committed 7360K, reserved 1048576K
}
Event: 17.884 GC heap after
{Heap after GC invocations=17 (full 0):
 garbage-first heap   total 68608K, used 37517K [0x0000000080000000, 0x0000000100000000)
  region size 1024K, 3 young (3072K), 3 survivors (3072K)
 Metaspace       used 53359K, committed 53824K, reserved 1097728K
  class space    used 7130K, committed 7360K, reserved 1048576K
}
Event: 18.011 GC heap before
{Heap before GC invocations=17 (full 0):
 garbage-first heap   total 68608K, used 40589K [0x0000000080000000, 0x0000000100000000)
  region size 1024K, 7 young (7168K), 3 survivors (3072K)
 Metaspace       used 53409K, committed 53888K, reserved 1097728K
  class space    used 7131K, committed 7360K, reserved 1048576K
}
Event: 18.015 GC heap after
{Heap after GC invocations=18 (full 0):
 garbage-first heap   total 68608K, used 37775K [0x0000000080000000, 0x0000000100000000)
  region size 1024K, 1 young (1024K), 1 survivors (1024K)
 Metaspace       used 53409K, committed 53888K, reserved 1097728K
  class space    used 7131K, committed 7360K, reserved 1048576K
}
Event: 18.088 GC heap before
{Heap before GC invocations=19 (full 0):
 garbage-first heap   total 68608K, used 38799K [0x0000000080000000, 0x0000000100000000)
  region size 1024K, 2 young (2048K), 1 survivors (1024K)
 Metaspace       used 53413K, committed 53888K, reserved 1097728K
  class space    used 7131K, committed 7360K, reserved 1048576K
}
Event: 18.090 GC heap after
{Heap after GC invocations=20 (full 0):
 garbage-first heap   total 68608K, used 38867K [0x0000000080000000, 0x0000000100000000)
  region size 1024K, 1 young (1024K), 1 survivors (1024K)
 Metaspace       used 53413K, committed 53888K, reserved 1097728K
  class space    used 7131K, committed 7360K, reserved 1048576K
}
Event: 18.221 GC heap before
{Heap before GC invocations=21 (full 0):
 garbage-first heap   total 70656K, used 39891K [0x0000000080000000, 0x0000000100000000)
  region size 1024K, 3 young (3072K), 1 survivors (1024K)
 Metaspace       used 53414K, committed 53888K, reserved 1097728K
  class space    used 7131K, committed 7360K, reserved 1048576K
}
Event: 18.224 GC heap after
{Heap after GC invocations=22 (full 0):
 garbage-first heap   total 70656K, used 41069K [0x0000000080000000, 0x0000000100000000)
  region size 1024K, 2 young (2048K), 2 survivors (2048K)
 Metaspace       used 53414K, committed 53888K, reserved 1097728K
  class space    used 7131K, committed 7360K, reserved 1048576K
}
Event: 18.331 GC heap before
{Heap before GC invocations=23 (full 0):
 garbage-first heap   total 75776K, used 44141K [0x0000000080000000, 0x0000000100000000)
  region size 1024K, 4 young (4096K), 2 survivors (2048K)
 Metaspace       used 53520K, committed 53952K, reserved 1097728K
  class space    used 7142K, committed 7360K, reserved 1048576K
}
Event: 18.335 GC heap after
{Heap after GC invocations=24 (full 0):
 garbage-first heap   total 75776K, used 43039K [0x0000000080000000, 0x0000000100000000)
  region size 1024K, 2 young (2048K), 2 survivors (2048K)
 Metaspace       used 53520K, committed 53952K, reserved 1097728K
  class space    used 7142K, committed 7360K, reserved 1048576K
}
Event: 18.543 GC heap before
{Heap before GC invocations=25 (full 0):
 garbage-first heap   total 76800K, used 45087K [0x0000000080000000, 0x0000000100000000)
  region size 1024K, 5 young (5120K), 2 survivors (2048K)
 Metaspace       used 53526K, committed 54016K, reserved 1097728K
  class space    used 7142K, committed 7360K, reserved 1048576K
}
Event: 18.546 GC heap after
{Heap after GC invocations=26 (full 0):
 garbage-first heap   total 76800K, used 45715K [0x0000000080000000, 0x0000000100000000)
  region size 1024K, 2 young (2048K), 2 survivors (2048K)
 Metaspace       used 53526K, committed 54016K, reserved 1097728K
  class space    used 7142K, committed 7360K, reserved 1048576K
}

