# JRE version: OpenJDK Runtime Environment (17.0.6) (build 17.0.6+0-b2043.56-10027231)
# Java VM: OpenJDK 64-Bit Server VM (17.0.6+0-b2043.56-10027231, mixed mode, tiered, compressed oops, compressed class ptrs, g1 gc, windows-amd64)
GC Precious Log:
 CPUs: 8 total, 8 available
 Memory: 6081M
 Large Page Support: Disabled
 NUMA Support: Disabled
 Compressed Oops: Enabled (32-bit)
 Heap Region Size: 1M
 Heap Min Capacity: 8M
 Heap Initial Capacity: 96M
 Heap Max Capacity: 2G
 Pre-touch: Disabled
 Parallel Workers: 8
 Concurrent Workers: 2
 Concurrent Refinement Workers: 8
 Periodic GC: Disabled
Heap:
 garbage-first heap   total 121856K, used 73350K [0x0000000080000000, 0x0000000100000000)
  region size 1024K, 15 young (15360K), 3 survivors (3072K)
 Metaspace       used 68469K, committed 69120K, reserved 1114112K
  class space    used 9036K, committed 9344K, reserved 1048576K
GC Heap History (20 events):
Event: 16.074 GC heap before
{Heap before GC invocations=17 (full 0):
 garbage-first heap   total 78848K, used 62171K [0x0000000080000000, 0x0000000100000000)
  region size 1024K, 32 young (32768K), 4 survivors (4096K)
 Metaspace       used 52899K, committed 53376K, reserved 1097728K
  class space    used 7086K, committed 7296K, reserved 1048576K
}
Event: 16.083 GC heap after
{Heap after GC invocations=18 (full 0):
 garbage-first heap   total 78848K, used 36109K [0x0000000080000000, 0x0000000100000000)
  region size 1024K, 4 young (4096K), 4 survivors (4096K)
 Metaspace       used 52899K, committed 53376K, reserved 1097728K
  class space    used 7086K, committed 7296K, reserved 1048576K
}
Event: 16.655 GC heap before
{Heap before GC invocations=18 (full 0):
 garbage-first heap   total 78848K, used 57613K [0x0000000080000000, 0x0000000100000000)
  region size 1024K, 25 young (25600K), 4 survivors (4096K)
 Metaspace       used 53387K, committed 53888K, reserved 1097728K
  class space    used 7132K, committed 7360K, reserved 1048576K
}
Event: 16.662 GC heap after
{Heap after GC invocations=19 (full 0):
 garbage-first heap   total 78848K, used 40765K [0x0000000080000000, 0x0000000100000000)
  region size 1024K, 4 young (4096K), 4 survivors (4096K)
 Metaspace       used 53387K, committed 53888K, reserved 1097728K
  class space    used 7132K, committed 7360K, reserved 1048576K
}
Event: 16.793 GC heap before
{Heap before GC invocations=20 (full 0):
 garbage-first heap   total 78848K, used 45885K [0x0000000080000000, 0x0000000100000000)
  region size 1024K, 8 young (8192K), 4 survivors (4096K)
 Metaspace       used 53505K, committed 53952K, reserved 1097728K
  class space    used 7143K, committed 7360K, reserved 1048576K
}
Event: 16.798 GC heap after
{Heap after GC invocations=21 (full 0):
 garbage-first heap   total 78848K, used 46387K [0x0000000080000000, 0x0000000100000000)
  region size 1024K, 3 young (3072K), 3 survivors (3072K)
 Metaspace       used 53505K, committed 53952K, reserved 1097728K
  class space    used 7143K, committed 7360K, reserved 1048576K
}
Event: 17.558 GC heap before
{Heap before GC invocations=22 (full 0):
 garbage-first heap   total 94208K, used 65843K [0x0000000080000000, 0x0000000100000000)
  region size 1024K, 18 young (18432K), 3 survivors (3072K)
 Metaspace       used 55019K, committed 55552K, reserved 1097728K
  class space    used 7344K, committed 7552K, reserved 1048576K
}
Event: 17.561 GC heap after
{Heap after GC invocations=23 (full 0):
 garbage-first heap   total 94208K, used 53299K [0x0000000080000000, 0x0000000100000000)
  region size 1024K, 3 young (3072K), 3 survivors (3072K)
 Metaspace       used 55019K, committed 55552K, reserved 1097728K
  class space    used 7344K, committed 7552K, reserved 1048576K
}
Event: 18.076 GC heap before
{Heap before GC invocations=23 (full 0):
 garbage-first heap   total 94208K, used 70707K [0x0000000080000000, 0x0000000100000000)
  region size 1024K, 20 young (20480K), 3 survivors (3072K)
 Metaspace       used 57620K, committed 58112K, reserved 1105920K
  class space    used 7674K, committed 7872K, reserved 1048576K
}
Event: 18.080 GC heap after
{Heap after GC invocations=24 (full 0):
 garbage-first heap   total 94208K, used 54638K [0x0000000080000000, 0x0000000100000000)
  region size 1024K, 1 young (1024K), 1 survivors (1024K)
 Metaspace       used 57620K, committed 58112K, reserved 1105920K
  class space    used 7674K, committed 7872K, reserved 1048576K
}
Event: 18.757 GC heap before
{Heap before GC invocations=25 (full 0):
 garbage-first heap   total 96256K, used 72046K [0x0000000080000000, 0x0000000100000000)
  region size 1024K, 19 young (19456K), 1 survivors (1024K)
 Metaspace       used 60680K, committed 61184K, reserved 1105920K
  class space    used 8012K, committed 8256K, reserved 1048576K
}
Event: 18.762 GC heap after
{Heap after GC invocations=26 (full 0):
 garbage-first heap   total 96256K, used 55359K [0x0000000080000000, 0x0000000100000000)
  region size 1024K, 2 young (2048K), 2 survivors (2048K)
 Metaspace       used 60680K, committed 61184K, reserved 1105920K
  class space    used 8012K, committed 8256K, reserved 1048576K
}
Event: 19.800 GC heap before
{Heap before GC invocations=26 (full 0):
 garbage-first heap   total 96256K, used 74815K [0x0000000080000000, 0x0000000100000000)
  region size 1024K, 21 young (21504K), 2 survivors (2048K)
 Metaspace       used 64313K, committed 64896K, reserved 1105920K
  class space    used 8507K, committed 8768K, reserved 1048576K
}
Event: 19.806 GC heap after
{Heap after GC invocations=27 (full 0):
 garbage-first heap   total 96256K, used 57089K [0x0000000080000000, 0x0000000100000000)
  region size 1024K, 3 young (3072K), 3 survivors (3072K)
 Metaspace       used 64313K, committed 64896K, reserved 1105920K
  class space    used 8507K, committed 8768K, reserved 1048576K
}
Event: 19.991 GC heap before
{Heap before GC invocations=28 (full 0):
 garbage-first heap   total 99328K, used 59137K [0x0000000080000000, 0x0000000100000000)
  region size 1024K, 7 young (7168K), 3 survivors (3072K)
 Metaspace       used 65202K, committed 65728K, reserved 1105920K
  class space    used 8615K, committed 8832K, reserved 1048576K
}
Event: 19.997 GC heap after
{Heap after GC invocations=29 (full 0):
 garbage-first heap   total 99328K, used 57893K [0x0000000080000000, 0x0000000100000000)
  region size 1024K, 2 young (2048K), 2 survivors (2048K)
 Metaspace       used 65202K, committed 65728K, reserved 1105920K
  class space    used 8615K, committed 8832K, reserved 1048576K
}
Event: 20.082 GC heap before
{Heap before GC invocations=30 (full 0):
 garbage-first heap   total 121856K, used 70181K [0x0000000080000000, 0x0000000100000000)
  region size 1024K, 11 young (11264K), 2 survivors (2048K)
 Metaspace       used 65208K, committed 65728K, reserved 1105920K
  class space    used 8615K, committed 8832K, reserved 1048576K
}
Event: 20.086 GC heap after
{Heap after GC invocations=31 (full 0):
 garbage-first heap   total 121856K, used 63673K [0x0000000080000000, 0x0000000100000000)
  region size 1024K, 3 young (3072K), 3 survivors (3072K)
 Metaspace       used 65208K, committed 65728K, reserved 1105920K
  class space    used 8615K, committed 8832K, reserved 1048576K
}
Event: 20.734 GC heap before
{Heap before GC invocations=32 (full 0):
 garbage-first heap   total 121856K, used 90297K [0x0000000080000000, 0x0000000100000000)
  region size 1024K, 27 young (27648K), 3 survivors (3072K)
 Metaspace       used 67377K, committed 67968K, reserved 1114112K
  class space    used 8904K, committed 9216K, reserved 1048576K
}
Event: 20.738 GC heap after
{Heap after GC invocations=33 (full 0):
 garbage-first heap   total 121856K, used 62086K [0x0000000080000000, 0x0000000100000000)
  region size 1024K, 3 young (3072K), 3 survivors (3072K)
 Metaspace       used 67377K, committed 67968K, reserved 1114112K
  class space    used 8904K, committed 9216K, reserved 1048576K
}

