# JRE version: OpenJDK Runtime Environment (17.0.6) (build 17.0.6+0-b2043.56-10027231)
# Java VM: OpenJDK 64-Bit Server VM (17.0.6+0-b2043.56-10027231, mixed mode, tiered, compressed oops, compressed class ptrs, g1 gc, windows-amd64)
GC Precious Log:
 CPUs: 8 total, 8 available
 Memory: 6081M
 Large Page Support: Disabled
 NUMA Support: Disabled
 Compressed Oops: Enabled (32-bit)
 Heap Region Size: 1M
 Heap Min Capacity: 8M
 Heap Initial Capacity: 96M
 Heap Max Capacity: 2G
 Pre-touch: Disabled
 Parallel Workers: 8
 Concurrent Workers: 2
 Concurrent Refinement Workers: 8
 Periodic GC: Disabled
Heap:
 garbage-first heap   total 74752K, used 54885K [0x0000000080000000, 0x0000000100000000)
  region size 1024K, 2 young (2048K), 1 survivors (1024K)
 Metaspace       used 55756K, committed 56256K, reserved 1097728K
  class space    used 7444K, committed 7680K, reserved 1048576K
GC Heap History (20 events):
Event: 22.261 GC heap before
{Heap before GC invocations=11 (full 0):
 garbage-first heap   total 68608K, used 51419K [0x0000000080000000, 0x0000000100000000)
  region size 1024K, 23 young (23552K), 3 survivors (3072K)
 Metaspace       used 45066K, committed 45504K, reserved 1089536K
  class space    used 5867K, committed 6080K, reserved 1048576K
}
Event: 22.266 GC heap after
{Heap after GC invocations=12 (full 0):
 garbage-first heap   total 68608K, used 32413K [0x0000000080000000, 0x0000000100000000)
  region size 1024K, 2 young (2048K), 2 survivors (2048K)
 Metaspace       used 45066K, committed 45504K, reserved 1089536K
  class space    used 5867K, committed 6080K, reserved 1048576K
}
Event: 24.408 GC heap before
{Heap before GC invocations=12 (full 0):
 garbage-first heap   total 68608K, used 52893K [0x0000000080000000, 0x0000000100000000)
  region size 1024K, 22 young (22528K), 2 survivors (2048K)
 Metaspace       used 47595K, committed 48064K, reserved 1097728K
  class space    used 6289K, committed 6528K, reserved 1048576K
}
Event: 24.413 GC heap after
{Heap after GC invocations=13 (full 0):
 garbage-first heap   total 68608K, used 33567K [0x0000000080000000, 0x0000000100000000)
  region size 1024K, 3 young (3072K), 3 survivors (3072K)
 Metaspace       used 47595K, committed 48064K, reserved 1097728K
  class space    used 6289K, committed 6528K, reserved 1048576K
}
Event: 27.064 GC heap before
{Heap before GC invocations=14 (full 0):
 garbage-first heap   total 68608K, used 54047K [0x0000000080000000, 0x0000000100000000)
  region size 1024K, 23 young (23552K), 3 survivors (3072K)
 Metaspace       used 50460K, committed 50880K, reserved 1097728K
  class space    used 6768K, committed 6976K, reserved 1048576K
}
Event: 27.069 GC heap after
{Heap after GC invocations=15 (full 0):
 garbage-first heap   total 68608K, used 34655K [0x0000000080000000, 0x0000000100000000)
  region size 1024K, 3 young (3072K), 3 survivors (3072K)
 Metaspace       used 50460K, committed 50880K, reserved 1097728K
  class space    used 6768K, committed 6976K, reserved 1048576K
}
Event: 30.110 GC heap before
{Heap before GC invocations=15 (full 0):
 garbage-first heap   total 68608K, used 54111K [0x0000000080000000, 0x0000000100000000)
  region size 1024K, 22 young (22528K), 3 survivors (3072K)
 Metaspace       used 52529K, committed 52992K, reserved 1097728K
  class space    used 7029K, committed 7232K, reserved 1048576K
}
Event: 30.118 GC heap after
{Heap after GC invocations=16 (full 0):
 garbage-first heap   total 68608K, used 36444K [0x0000000080000000, 0x0000000100000000)
  region size 1024K, 3 young (3072K), 3 survivors (3072K)
 Metaspace       used 52529K, committed 52992K, reserved 1097728K
  class space    used 7029K, committed 7232K, reserved 1048576K
}
Event: 31.362 GC heap before
{Heap before GC invocations=17 (full 0):
 garbage-first heap   total 68608K, used 53852K [0x0000000080000000, 0x0000000100000000)
  region size 1024K, 21 young (21504K), 3 survivors (3072K)
 Metaspace       used 53098K, committed 53568K, reserved 1097728K
  class space    used 7087K, committed 7296K, reserved 1048576K
}
Event: 31.370 GC heap after
{Heap after GC invocations=18 (full 0):
 garbage-first heap   total 68608K, used 38748K [0x0000000080000000, 0x0000000100000000)
  region size 1024K, 3 young (3072K), 3 survivors (3072K)
 Metaspace       used 53098K, committed 53568K, reserved 1097728K
  class space    used 7087K, committed 7296K, reserved 1048576K
}
Event: 32.007 GC heap before
{Heap before GC invocations=18 (full 0):
 garbage-first heap   total 68608K, used 46940K [0x0000000080000000, 0x0000000100000000)
  region size 1024K, 12 young (12288K), 3 survivors (3072K)
 Metaspace       used 53414K, committed 53888K, reserved 1097728K
  class space    used 7127K, committed 7296K, reserved 1048576K
}
Event: 32.012 GC heap after
{Heap after GC invocations=19 (full 0):
 garbage-first heap   total 68608K, used 39457K [0x0000000080000000, 0x0000000100000000)
  region size 1024K, 1 young (1024K), 1 survivors (1024K)
 Metaspace       used 53414K, committed 53888K, reserved 1097728K
  class space    used 7127K, committed 7296K, reserved 1048576K
}
Event: 32.104 GC heap before
{Heap before GC invocations=20 (full 0):
 garbage-first heap   total 71680K, used 40481K [0x0000000080000000, 0x0000000100000000)
  region size 1024K, 2 young (2048K), 1 survivors (1024K)
 Metaspace       used 53420K, committed 53888K, reserved 1097728K
  class space    used 7128K, committed 7296K, reserved 1048576K
}
Event: 32.107 GC heap after
{Heap after GC invocations=21 (full 0):
 garbage-first heap   total 71680K, used 40578K [0x0000000080000000, 0x0000000100000000)
  region size 1024K, 1 young (1024K), 1 survivors (1024K)
 Metaspace       used 53420K, committed 53888K, reserved 1097728K
  class space    used 7128K, committed 7296K, reserved 1048576K
}
Event: 33.152 GC heap before
{Heap before GC invocations=22 (full 0):
 garbage-first heap   total 73728K, used 65154K [0x0000000080000000, 0x0000000100000000)
  region size 1024K, 17 young (17408K), 1 survivors (1024K)
 Metaspace       used 54620K, committed 55104K, reserved 1097728K
  class space    used 7274K, committed 7488K, reserved 1048576K
}
Event: 33.160 GC heap after
{Heap after GC invocations=23 (full 0):
 garbage-first heap   total 74752K, used 54665K [0x0000000080000000, 0x0000000100000000)
  region size 1024K, 3 young (3072K), 3 survivors (3072K)
 Metaspace       used 54620K, committed 55104K, reserved 1097728K
  class space    used 7274K, committed 7488K, reserved 1048576K
}
Event: 33.251 GC heap before
{Heap before GC invocations=23 (full 0):
 garbage-first heap   total 74752K, used 55689K [0x0000000080000000, 0x0000000100000000)
  region size 1024K, 4 young (4096K), 3 survivors (3072K)
 Metaspace       used 54720K, committed 55168K, reserved 1097728K
  class space    used 7292K, committed 7488K, reserved 1048576K
}
Event: 33.255 GC heap after
{Heap after GC invocations=24 (full 0):
 garbage-first heap   total 74752K, used 54697K [0x0000000080000000, 0x0000000100000000)
  region size 1024K, 1 young (1024K), 1 survivors (1024K)
 Metaspace       used 54720K, committed 55168K, reserved 1097728K
  class space    used 7292K, committed 7488K, reserved 1048576K
}
Event: 33.646 GC heap before
{Heap before GC invocations=24 (full 0):
 garbage-first heap   total 74752K, used 61865K [0x0000000080000000, 0x0000000100000000)
  region size 1024K, 8 young (8192K), 1 survivors (1024K)
 Metaspace       used 55639K, committed 56064K, reserved 1097728K
  class space    used 7425K, committed 7616K, reserved 1048576K
}
Event: 33.650 GC heap after
{Heap after GC invocations=25 (full 0):
 garbage-first heap   total 74752K, used 54885K [0x0000000080000000, 0x0000000100000000)
  region size 1024K, 1 young (1024K), 1 survivors (1024K)
 Metaspace       used 55639K, committed 56064K, reserved 1097728K
  class space    used 7425K, committed 7616K, reserved 1048576K
}

