# JRE version: OpenJDK Runtime Environment (17.0.6) (build 17.0.6+0-b2043.56-10027231)
# Java VM: OpenJDK 64-Bit Server VM (17.0.6+0-b2043.56-10027231, mixed mode, tiered, compressed oops, compressed class ptrs, g1 gc, windows-amd64)
GC Precious Log:
 CPUs: 8 total, 8 available
 Memory: 6081M
 Large Page Support: Disabled
 NUMA Support: Disabled
 Compressed Oops: Enabled (32-bit)
 Heap Region Size: 1M
 Heap Min Capacity: 8M
 Heap Initial Capacity: 96M
 Heap Max Capacity: 2G
 Pre-touch: Disabled
 Parallel Workers: 8
 Concurrent Workers: 2
 Concurrent Refinement Workers: 8
 Periodic GC: Disabled
Heap:
 garbage-first heap   total 153600K, used 93332K [0x0000000080000000, 0x0000000100000000)
  region size 1024K, 5 young (5120K), 3 survivors (3072K)
 Metaspace       used 63170K, committed 63808K, reserved 1105920K
  class space    used 8442K, committed 8768K, reserved 1048576K
GC Heap History (20 events):
Event: 14.590 GC heap before
{Heap before GC invocations=18 (full 0):
 garbage-first heap   total 112640K, used 95664K [0x0000000080000000, 0x0000000100000000)
  region size 1024K, 34 young (34816K), 4 survivors (4096K)
 Metaspace       used 49171K, committed 49664K, reserved 1097728K
  class space    used 6445K, committed 6656K, reserved 1048576K
}
Event: 14.596 GC heap after
{Heap after GC invocations=19 (full 0):
 garbage-first heap   total 112640K, used 67421K [0x0000000080000000, 0x0000000100000000)
  region size 1024K, 4 young (4096K), 4 survivors (4096K)
 Metaspace       used 49171K, committed 49664K, reserved 1097728K
  class space    used 6445K, committed 6656K, reserved 1048576K
}
Event: 14.600 GC heap before
{Heap before GC invocations=19 (full 0):
 garbage-first heap   total 112640K, used 68445K [0x0000000080000000, 0x0000000100000000)
  region size 1024K, 5 young (5120K), 4 survivors (4096K)
 Metaspace       used 49171K, committed 49664K, reserved 1097728K
  class space    used 6445K, committed 6656K, reserved 1048576K
}
Event: 14.605 GC heap after
{Heap after GC invocations=20 (full 0):
 garbage-first heap   total 112640K, used 67518K [0x0000000080000000, 0x0000000100000000)
  region size 1024K, 1 young (1024K), 1 survivors (1024K)
 Metaspace       used 49171K, committed 49664K, reserved 1097728K
  class space    used 6445K, committed 6656K, reserved 1048576K
}
Event: 15.581 GC heap before
{Heap before GC invocations=20 (full 0):
 garbage-first heap   total 112640K, used 91070K [0x0000000080000000, 0x0000000100000000)
  region size 1024K, 25 young (25600K), 1 survivors (1024K)
 Metaspace       used 51662K, committed 52160K, reserved 1097728K
  class space    used 6893K, committed 7104K, reserved 1048576K
}
Event: 15.586 GC heap after
{Heap after GC invocations=21 (full 0):
 garbage-first heap   total 112640K, used 68830K [0x0000000080000000, 0x0000000100000000)
  region size 1024K, 2 young (2048K), 2 survivors (2048K)
 Metaspace       used 51662K, committed 52160K, reserved 1097728K
  class space    used 6893K, committed 7104K, reserved 1048576K
}
Event: 17.733 GC heap before
{Heap before GC invocations=22 (full 0):
 garbage-first heap   total 117760K, used 92382K [0x0000000080000000, 0x0000000100000000)
  region size 1024K, 25 young (25600K), 2 survivors (2048K)
 Metaspace       used 54324K, committed 54912K, reserved 1097728K
  class space    used 7339K, committed 7616K, reserved 1048576K
}
Event: 17.738 GC heap after
{Heap after GC invocations=23 (full 0):
 garbage-first heap   total 117760K, used 70457K [0x0000000080000000, 0x0000000100000000)
  region size 1024K, 3 young (3072K), 3 survivors (3072K)
 Metaspace       used 54324K, committed 54912K, reserved 1097728K
  class space    used 7339K, committed 7616K, reserved 1048576K
}
Event: 19.569 GC heap before
{Heap before GC invocations=23 (full 0):
 garbage-first heap   total 117760K, used 97081K [0x0000000080000000, 0x0000000100000000)
  region size 1024K, 29 young (29696K), 3 survivors (3072K)
 Metaspace       used 58930K, committed 59520K, reserved 1105920K
  class space    used 7867K, committed 8128K, reserved 1048576K
}
Event: 19.579 GC heap after
{Heap after GC invocations=24 (full 0):
 garbage-first heap   total 117760K, used 73955K [0x0000000080000000, 0x0000000100000000)
  region size 1024K, 4 young (4096K), 4 survivors (4096K)
 Metaspace       used 58930K, committed 59520K, reserved 1105920K
  class space    used 7867K, committed 8128K, reserved 1048576K
}
Event: 21.449 GC heap before
{Heap before GC invocations=25 (full 0):
 garbage-first heap   total 128000K, used 94435K [0x0000000080000000, 0x0000000100000000)
  region size 1024K, 25 young (25600K), 4 survivors (4096K)
 Metaspace       used 62525K, committed 63104K, reserved 1105920K
  class space    used 8355K, committed 8640K, reserved 1048576K
}
Event: 21.455 GC heap after
{Heap after GC invocations=26 (full 0):
 garbage-first heap   total 128000K, used 76190K [0x0000000080000000, 0x0000000100000000)
  region size 1024K, 3 young (3072K), 3 survivors (3072K)
 Metaspace       used 62525K, committed 63104K, reserved 1105920K
  class space    used 8355K, committed 8640K, reserved 1048576K
}
Event: 22.112 GC heap before
{Heap before GC invocations=26 (full 0):
 garbage-first heap   total 128000K, used 86430K [0x0000000080000000, 0x0000000100000000)
  region size 1024K, 15 young (15360K), 3 survivors (3072K)
 Metaspace       used 62783K, committed 63488K, reserved 1105920K
  class space    used 8378K, committed 8704K, reserved 1048576K
}
Event: 22.117 GC heap after
{Heap after GC invocations=27 (full 0):
 garbage-first heap   total 128000K, used 76694K [0x0000000080000000, 0x0000000100000000)
  region size 1024K, 3 young (3072K), 3 survivors (3072K)
 Metaspace       used 62783K, committed 63488K, reserved 1105920K
  class space    used 8378K, committed 8704K, reserved 1048576K
}
Event: 22.226 GC heap before
{Heap before GC invocations=28 (full 0):
 garbage-first heap   total 135168K, used 79766K [0x0000000080000000, 0x0000000100000000)
  region size 1024K, 5 young (5120K), 3 survivors (3072K)
 Metaspace       used 62787K, committed 63488K, reserved 1105920K
  class space    used 8378K, committed 8704K, reserved 1048576K
}
Event: 22.229 GC heap after
{Heap after GC invocations=29 (full 0):
 garbage-first heap   total 135168K, used 80056K [0x0000000080000000, 0x0000000100000000)
  region size 1024K, 3 young (3072K), 3 survivors (3072K)
 Metaspace       used 62787K, committed 63488K, reserved 1105920K
  class space    used 8378K, committed 8704K, reserved 1048576K
}
Event: 22.366 GC heap before
{Heap before GC invocations=30 (full 0):
 garbage-first heap   total 145408K, used 85176K [0x0000000080000000, 0x0000000100000000)
  region size 1024K, 7 young (7168K), 3 survivors (3072K)
 Metaspace       used 62862K, committed 63552K, reserved 1105920K
  class space    used 8388K, committed 8704K, reserved 1048576K
}
Event: 22.372 GC heap after
{Heap after GC invocations=31 (full 0):
 garbage-first heap   total 145408K, used 84954K [0x0000000080000000, 0x0000000100000000)
  region size 1024K, 3 young (3072K), 3 survivors (3072K)
 Metaspace       used 62862K, committed 63552K, reserved 1105920K
  class space    used 8388K, committed 8704K, reserved 1048576K
}
Event: 22.493 GC heap before
{Heap before GC invocations=32 (full 0):
 garbage-first heap   total 153600K, used 92122K [0x0000000080000000, 0x0000000100000000)
  region size 1024K, 8 young (8192K), 3 survivors (3072K)
 Metaspace       used 63170K, committed 63808K, reserved 1105920K
  class space    used 8442K, committed 8768K, reserved 1048576K
}
Event: 22.496 GC heap after
{Heap after GC invocations=33 (full 0):
 garbage-first heap   total 153600K, used 91284K [0x0000000080000000, 0x0000000100000000)
  region size 1024K, 3 young (3072K), 3 survivors (3072K)
 Metaspace       used 63170K, committed 63808K, reserved 1105920K
  class space    used 8442K, committed 8768K, reserved 1048576K
}

